---------------------------------------------------------------
[ 2019-04-02T00:03:09+08:00 ] 0.0.0.0 GET localhost/aaaaa/public/index.php/index/map/index.html
[运行时间：0.108038s] [吞吐率：9.26req/s] [内存消耗：1,470.08kb] [文件加载：43]
[ info ] [ LANG ] F:\phpstudy\WWW\aaaaa\thinkphp\lang\zh-cn.php
[ info ] [ ROUTE ] array (
  'type' => 'module',
  'module' => 
  array (
    0 => 'index',
    1 => 'map',
    2 => 'index',
  ),
)
[ info ] [ HEADER ] array (
  'cookie' => '_ga=GA1.1.726740477.1537545692; pgv_pvi=4977350656; PHPSESSID=2u5d6bot8onok4l6l9i0ptj7a4',
  'accept-language' => 'zh-CN,zh;q=0.9',
  'accept-encoding' => 'gzip, deflate, br',
  'referer' => 'http://localhost/aaaaa/public/index.php/index/index/index.html',
  'accept' => 'text/html,application/xhtml+xml,application/xml;q=0.9,image/webp,image/apng,*/*;q=0.8',
  'user-agent' => 'Mozilla/5.0 (Windows NT 10.0; Win64; x64) AppleWebKit/537.36 (KHTML, like Gecko) Chrome/68.0.3440.84 Safari/537.36',
  'upgrade-insecure-requests' => '1',
  'cache-control' => 'max-age=0',
  'connection' => 'close',
  'host' => 'localhost',
)
[ info ] [ PARAM ] array (
)
[ info ] [ RUN ] app\index\controller\Map->index[ F:\phpstudy\WWW\aaaaa\application\index\controller\Map.php ]
[ info ] [ VIEW ] F:\phpstudy\WWW\aaaaa\public/../application/index\view\Map\map.html [ array (
) ]
[ info ] [ LOG ] INIT File
---------------------------------------------------------------
[ 2019-04-02T00:03:10+08:00 ] 0.0.0.0 GET localhost/aaaaa/public/index.php/index/map/index.html
[运行时间：0.041183s] [吞吐率：24.28req/s] [内存消耗：1,346.63kb] [文件加载：41]
[ info ] [ LANG ] F:\phpstudy\WWW\aaaaa\thinkphp\lang\zh-cn.php
[ info ] [ ROUTE ] array (
  'type' => 'module',
  'module' => 
  array (
    0 => 'index',
    1 => 'map',
    2 => 'index',
  ),
)
[ info ] [ HEADER ] array (
  'cookie' => '_ga=GA1.1.726740477.1537545692; pgv_pvi=4977350656; PHPSESSID=2u5d6bot8onok4l6l9i0ptj7a4',
  'accept-language' => 'zh-CN,zh;q=0.9',
  'accept-encoding' => 'gzip, deflate, br',
  'referer' => 'http://localhost/aaaaa/public/index.php/index/index/index.html',
  'accept' => 'text/html,application/xhtml+xml,application/xml;q=0.9,image/webp,image/apng,*/*;q=0.8',
  'user-agent' => 'Mozilla/5.0 (Windows NT 10.0; Win64; x64) AppleWebKit/537.36 (KHTML, like Gecko) Chrome/68.0.3440.84 Safari/537.36',
  'upgrade-insecure-requests' => '1',
  'cache-control' => 'max-age=0',
  'connection' => 'close',
  'host' => 'localhost',
)
[ info ] [ PARAM ] array (
)
[ info ] [ RUN ] app\index\controller\Map->index[ F:\phpstudy\WWW\aaaaa\application\index\controller\Map.php ]
[ info ] [ VIEW ] F:\phpstudy\WWW\aaaaa\public/../application/index\view\Map\map.html [ array (
) ]
[ info ] [ LOG ] INIT File
---------------------------------------------------------------
[ 2019-04-02T00:03:11+08:00 ] 0.0.0.0 GET localhost/aaaaa/public/index.php/index/map/index.html
[运行时间：0.042955s] [吞吐率：23.28req/s] [内存消耗：1,346.41kb] [文件加载：41]
[ info ] [ LANG ] F:\phpstudy\WWW\aaaaa\thinkphp\lang\zh-cn.php
[ info ] [ ROUTE ] array (
  'type' => 'module',
  'module' => 
  array (
    0 => 'index',
    1 => 'map',
    2 => 'index',
  ),
)
[ info ] [ HEADER ] array (
  'cookie' => '_ga=GA1.1.726740477.1537545692; pgv_pvi=4977350656; PHPSESSID=2u5d6bot8onok4l6l9i0ptj7a4',
  'accept-language' => 'zh-CN,zh;q=0.9',
  'accept-encoding' => 'gzip, deflate, br',
  'referer' => 'http://localhost/aaaaa/public/index.php/index/map/index.html',
  'accept' => 'text/html,application/xhtml+xml,application/xml;q=0.9,image/webp,image/apng,*/*;q=0.8',
  'user-agent' => 'Mozilla/5.0 (Windows NT 10.0; Win64; x64) AppleWebKit/537.36 (KHTML, like Gecko) Chrome/68.0.3440.84 Safari/537.36',
  'upgrade-insecure-requests' => '1',
  'connection' => 'close',
  'host' => 'localhost',
)
[ info ] [ PARAM ] array (
)
[ info ] [ RUN ] app\index\controller\Map->index[ F:\phpstudy\WWW\aaaaa\application\index\controller\Map.php ]
[ info ] [ VIEW ] F:\phpstudy\WWW\aaaaa\public/../application/index\view\Map\map.html [ array (
) ]
[ info ] [ LOG ] INIT File
---------------------------------------------------------------
[ 2019-04-02T00:03:13+08:00 ] 0.0.0.0 GET localhost/aaaaa/public/index.php/index/index/index.html
[运行时间：0.049314s] [吞吐率：20.28req/s] [内存消耗：1,473.34kb] [文件加载：43]
[ info ] [ LANG ] F:\phpstudy\WWW\aaaaa\thinkphp\lang\zh-cn.php
[ info ] [ ROUTE ] array (
  'type' => 'module',
  'module' => 
  array (
    0 => 'index',
    1 => 'index',
    2 => 'index',
  ),
)
[ info ] [ HEADER ] array (
  'cookie' => '_ga=GA1.1.726740477.1537545692; pgv_pvi=4977350656; PHPSESSID=2u5d6bot8onok4l6l9i0ptj7a4',
  'accept-language' => 'zh-CN,zh;q=0.9',
  'accept-encoding' => 'gzip, deflate, br',
  'referer' => 'http://localhost/aaaaa/public/index.php/index/map/index.html',
  'accept' => 'text/html,application/xhtml+xml,application/xml;q=0.9,image/webp,image/apng,*/*;q=0.8',
  'user-agent' => 'Mozilla/5.0 (Windows NT 10.0; Win64; x64) AppleWebKit/537.36 (KHTML, like Gecko) Chrome/68.0.3440.84 Safari/537.36',
  'upgrade-insecure-requests' => '1',
  'connection' => 'close',
  'host' => 'localhost',
)
[ info ] [ PARAM ] array (
)
[ info ] [ RUN ] app\index\controller\Index->index[ F:\phpstudy\WWW\aaaaa\application\index\controller\Index.php ]
[ info ] [ VIEW ] F:\phpstudy\WWW\aaaaa\public/../application/index\view\Index\index.html [ array (
) ]
[ info ] [ LOG ] INIT File
---------------------------------------------------------------
[ 2019-04-02T00:03:15+08:00 ] 0.0.0.0 GET localhost/aaaaa/public/index.php/index/map/index.html
[运行时间：0.060939s] [吞吐率：16.41req/s] [内存消耗：1,346.41kb] [文件加载：41]
[ info ] [ LANG ] F:\phpstudy\WWW\aaaaa\thinkphp\lang\zh-cn.php
[ info ] [ ROUTE ] array (
  'type' => 'module',
  'module' => 
  array (
    0 => 'index',
    1 => 'map',
    2 => 'index',
  ),
)
[ info ] [ HEADER ] array (
  'cookie' => '_ga=GA1.1.726740477.1537545692; pgv_pvi=4977350656; PHPSESSID=2u5d6bot8onok4l6l9i0ptj7a4',
  'accept-language' => 'zh-CN,zh;q=0.9',
  'accept-encoding' => 'gzip, deflate, br',
  'referer' => 'http://localhost/aaaaa/public/index.php/index/index/index.html',
  'accept' => 'text/html,application/xhtml+xml,application/xml;q=0.9,image/webp,image/apng,*/*;q=0.8',
  'user-agent' => 'Mozilla/5.0 (Windows NT 10.0; Win64; x64) AppleWebKit/537.36 (KHTML, like Gecko) Chrome/68.0.3440.84 Safari/537.36',
  'upgrade-insecure-requests' => '1',
  'connection' => 'close',
  'host' => 'localhost',
)
[ info ] [ PARAM ] array (
)
[ info ] [ RUN ] app\index\controller\Map->index[ F:\phpstudy\WWW\aaaaa\application\index\controller\Map.php ]
[ info ] [ VIEW ] F:\phpstudy\WWW\aaaaa\public/../application/index\view\Map\map.html [ array (
) ]
[ info ] [ LOG ] INIT File
---------------------------------------------------------------
[ 2019-04-02T00:03:23+08:00 ] 0.0.0.0 GET localhost/aaaaa/public/index.php/index/medicine/index.html
[运行时间：0.076335s] [吞吐率：13.10req/s] [内存消耗：1,475.55kb] [文件加载：43]
[ info ] [ LANG ] F:\phpstudy\WWW\aaaaa\thinkphp\lang\zh-cn.php
[ info ] [ ROUTE ] array (
  'type' => 'module',
  'module' => 
  array (
    0 => 'index',
    1 => 'medicine',
    2 => 'index',
  ),
)
[ info ] [ HEADER ] array (
  'cookie' => '_ga=GA1.1.726740477.1537545692; pgv_pvi=4977350656; PHPSESSID=2u5d6bot8onok4l6l9i0ptj7a4',
  'accept-language' => 'zh-CN,zh;q=0.9',
  'accept-encoding' => 'gzip, deflate, br',
  'referer' => 'http://localhost/aaaaa/public/index.php/index/map/index.html',
  'accept' => 'text/html,application/xhtml+xml,application/xml;q=0.9,image/webp,image/apng,*/*;q=0.8',
  'user-agent' => 'Mozilla/5.0 (Windows NT 10.0; Win64; x64) AppleWebKit/537.36 (KHTML, like Gecko) Chrome/68.0.3440.84 Safari/537.36',
  'upgrade-insecure-requests' => '1',
  'connection' => 'close',
  'host' => 'localhost',
)
[ info ] [ PARAM ] array (
)
[ info ] [ RUN ] app\index\controller\Medicine->index[ F:\phpstudy\WWW\aaaaa\application\index\controller\Medicine.php ]
[ info ] [ VIEW ] F:\phpstudy\WWW\aaaaa\public/../application/index\view\Medicine\medicine.html [ array (
) ]
[ info ] [ LOG ] INIT File
---------------------------------------------------------------
[ 2019-04-02T00:03:23+08:00 ] 0.0.0.0 GET localhost/aaaaa/public/index.php/index/medicine/images/banner2.jpg
[运行时间：0.058430s] [吞吐率：17.11req/s] [内存消耗：1,321.23kb] [文件加载：42]
[ info ] [ LANG ] F:\phpstudy\WWW\aaaaa\thinkphp\lang\zh-cn.php
[ info ] [ ROUTE ] array (
  'type' => 'module',
  'module' => 
  array (
    0 => 'index',
    1 => 'medicine',
    2 => 'images',
  ),
)
[ info ] [ HEADER ] array (
  'cookie' => '_ga=GA1.1.726740477.1537545692; pgv_pvi=4977350656; PHPSESSID=2u5d6bot8onok4l6l9i0ptj7a4',
  'accept-language' => 'zh-CN,zh;q=0.9',
  'accept-encoding' => 'gzip, deflate, br',
  'referer' => 'http://localhost/aaaaa/public/index.php/index/medicine/index.html',
  'accept' => 'image/webp,image/apng,image/*,*/*;q=0.8',
  'user-agent' => 'Mozilla/5.0 (Windows NT 10.0; Win64; x64) AppleWebKit/537.36 (KHTML, like Gecko) Chrome/68.0.3440.84 Safari/537.36',
  'connection' => 'close',
  'host' => 'localhost',
)
[ info ] [ PARAM ] array (
)
[ info ] [ LOG ] INIT File
---------------------------------------------------------------
[ 2019-04-02T00:03:29+08:00 ] 0.0.0.0 GET localhost/aaaaa/public/index.php/index/kown/index.html
[运行时间：0.063880s] [吞吐率：15.65req/s] [内存消耗：1,472.35kb] [文件加载：43]
[ info ] [ LANG ] F:\phpstudy\WWW\aaaaa\thinkphp\lang\zh-cn.php
[ info ] [ ROUTE ] array (
  'type' => 'module',
  'module' => 
  array (
    0 => 'index',
    1 => 'kown',
    2 => 'index',
  ),
)
[ info ] [ HEADER ] array (
  'cookie' => '_ga=GA1.1.726740477.1537545692; pgv_pvi=4977350656; PHPSESSID=2u5d6bot8onok4l6l9i0ptj7a4',
  'accept-language' => 'zh-CN,zh;q=0.9',
  'accept-encoding' => 'gzip, deflate, br',
  'referer' => 'http://localhost/aaaaa/public/index.php/index/medicine/index.html',
  'accept' => 'text/html,application/xhtml+xml,application/xml;q=0.9,image/webp,image/apng,*/*;q=0.8',
  'user-agent' => 'Mozilla/5.0 (Windows NT 10.0; Win64; x64) AppleWebKit/537.36 (KHTML, like Gecko) Chrome/68.0.3440.84 Safari/537.36',
  'upgrade-insecure-requests' => '1',
  'connection' => 'close',
  'host' => 'localhost',
)
[ info ] [ PARAM ] array (
)
[ info ] [ RUN ] app\index\controller\Kown->index[ F:\phpstudy\WWW\aaaaa\application\index\controller\Kown.php ]
[ info ] [ VIEW ] F:\phpstudy\WWW\aaaaa\public/../application/index\view\Kown\kownledge.html [ array (
) ]
[ info ] [ LOG ] INIT File
---------------------------------------------------------------
[ 2019-04-02T00:03:30+08:00 ] 0.0.0.0 GET localhost/aaaaa/public/index.php/index/kown/images/banner1.jpg
[运行时间：0.063590s] [吞吐率：15.73req/s] [内存消耗：1,321.13kb] [文件加载：42]
[ info ] [ LANG ] F:\phpstudy\WWW\aaaaa\thinkphp\lang\zh-cn.php
[ info ] [ ROUTE ] array (
  'type' => 'module',
  'module' => 
  array (
    0 => 'index',
    1 => 'kown',
    2 => 'images',
  ),
)
[ info ] [ HEADER ] array (
  'cookie' => '_ga=GA1.1.726740477.1537545692; pgv_pvi=4977350656; PHPSESSID=2u5d6bot8onok4l6l9i0ptj7a4',
  'accept-language' => 'zh-CN,zh;q=0.9',
  'accept-encoding' => 'gzip, deflate, br',
  'referer' => 'http://localhost/aaaaa/public/index.php/index/kown/index.html',
  'accept' => 'image/webp,image/apng,image/*,*/*;q=0.8',
  'user-agent' => 'Mozilla/5.0 (Windows NT 10.0; Win64; x64) AppleWebKit/537.36 (KHTML, like Gecko) Chrome/68.0.3440.84 Safari/537.36',
  'connection' => 'close',
  'host' => 'localhost',
)
[ info ] [ PARAM ] array (
)
[ info ] [ LOG ] INIT File
---------------------------------------------------------------
[ 2019-04-02T00:03:35+08:00 ] 0.0.0.0 GET localhost/aaaaa/public/index.php/index/login/index.html
[运行时间：0.064342s] [吞吐率：15.54req/s] [内存消耗：1,471.44kb] [文件加载：43]
[ info ] [ LANG ] F:\phpstudy\WWW\aaaaa\thinkphp\lang\zh-cn.php
[ info ] [ ROUTE ] array (
  'type' => 'module',
  'module' => 
  array (
    0 => 'index',
    1 => 'login',
    2 => 'index',
  ),
)
[ info ] [ HEADER ] array (
  'cookie' => '_ga=GA1.1.726740477.1537545692; pgv_pvi=4977350656; PHPSESSID=2u5d6bot8onok4l6l9i0ptj7a4',
  'accept-language' => 'zh-CN,zh;q=0.9',
  'accept-encoding' => 'gzip, deflate, br',
  'referer' => 'http://localhost/aaaaa/public/index.php/index/kown/index.html',
  'accept' => 'text/html,application/xhtml+xml,application/xml;q=0.9,image/webp,image/apng,*/*;q=0.8',
  'user-agent' => 'Mozilla/5.0 (Windows NT 10.0; Win64; x64) AppleWebKit/537.36 (KHTML, like Gecko) Chrome/68.0.3440.84 Safari/537.36',
  'upgrade-insecure-requests' => '1',
  'connection' => 'close',
  'host' => 'localhost',
)
[ info ] [ PARAM ] array (
)
[ info ] [ RUN ] app\index\controller\Login->index[ F:\phpstudy\WWW\aaaaa\application\index\controller\Login.php ]
[ info ] [ VIEW ] F:\phpstudy\WWW\aaaaa\public/../application/index\view\Login\Login.html [ array (
) ]
[ info ] [ LOG ] INIT File
---------------------------------------------------------------
[ 2019-04-02T00:03:40+08:00 ] 0.0.0.0 GET localhost/aaaaa/public/index.php/index/login/account.html
[运行时间：0.073173s] [吞吐率：13.67req/s] [内存消耗：1,321.63kb] [文件加载：42]
[ info ] [ LANG ] F:\phpstudy\WWW\aaaaa\thinkphp\lang\zh-cn.php
[ info ] [ ROUTE ] array (
  'type' => 'module',
  'module' => 
  array (
    0 => 'index',
    1 => 'login',
    2 => 'account',
  ),
)
[ info ] [ HEADER ] array (
  'cookie' => '_ga=GA1.1.726740477.1537545692; pgv_pvi=4977350656; PHPSESSID=2u5d6bot8onok4l6l9i0ptj7a4',
  'accept-language' => 'zh-CN,zh;q=0.9',
  'accept-encoding' => 'gzip, deflate, br',
  'referer' => 'http://localhost/aaaaa/public/index.php/index/login/index.html',
  'accept' => 'text/html,application/xhtml+xml,application/xml;q=0.9,image/webp,image/apng,*/*;q=0.8',
  'user-agent' => 'Mozilla/5.0 (Windows NT 10.0; Win64; x64) AppleWebKit/537.36 (KHTML, like Gecko) Chrome/68.0.3440.84 Safari/537.36',
  'upgrade-insecure-requests' => '1',
  'connection' => 'close',
  'host' => 'localhost',
)
[ info ] [ PARAM ] array (
)
[ info ] [ LOG ] INIT File
---------------------------------------------------------------
[ 2019-04-02T00:03:44+08:00 ] 0.0.0.0 GET localhost/aaaaa/public/index.php/index/after/index.html
[运行时间：0.060185s] [吞吐率：16.62req/s] [内存消耗：1,473.27kb] [文件加载：43]
[ info ] [ LANG ] F:\phpstudy\WWW\aaaaa\thinkphp\lang\zh-cn.php
[ info ] [ ROUTE ] array (
  'type' => 'module',
  'module' => 
  array (
    0 => 'index',
    1 => 'after',
    2 => 'index',
  ),
)
[ info ] [ HEADER ] array (
  'cookie' => '_ga=GA1.1.726740477.1537545692; pgv_pvi=4977350656; PHPSESSID=2u5d6bot8onok4l6l9i0ptj7a4',
  'accept-language' => 'zh-CN,zh;q=0.9',
  'accept-encoding' => 'gzip, deflate, br',
  'referer' => 'http://localhost/aaaaa/public/index.php/index/login/index.html',
  'accept' => 'text/html,application/xhtml+xml,application/xml;q=0.9,image/webp,image/apng,*/*;q=0.8',
  'user-agent' => 'Mozilla/5.0 (Windows NT 10.0; Win64; x64) AppleWebKit/537.36 (KHTML, like Gecko) Chrome/68.0.3440.84 Safari/537.36',
  'upgrade-insecure-requests' => '1',
  'connection' => 'close',
  'host' => 'localhost',
)
[ info ] [ PARAM ] array (
)
[ info ] [ RUN ] app\index\controller\After->index[ F:\phpstudy\WWW\aaaaa\application\index\controller\After.php ]
[ info ] [ VIEW ] F:\phpstudy\WWW\aaaaa\public/../application/index\view\After\message.html [ array (
) ]
[ info ] [ LOG ] INIT File
---------------------------------------------------------------
[ 2019-04-02T00:17:36+08:00 ] 0.0.0.0 GET localhost/aaaaa/public/index.php/index/after/index.html
[运行时间：0.097012s] [吞吐率：10.31req/s] [内存消耗：1,475.29kb] [文件加载：43]
[ info ] [ LANG ] F:\phpstudy\WWW\aaaaa\thinkphp\lang\zh-cn.php
[ info ] [ ROUTE ] array (
  'type' => 'module',
  'module' => 
  array (
    0 => 'index',
    1 => 'after',
    2 => 'index',
  ),
)
[ info ] [ HEADER ] array (
  'cookie' => '_ga=GA1.1.726740477.1537545692; pgv_pvi=4977350656; PHPSESSID=2u5d6bot8onok4l6l9i0ptj7a4',
  'accept-language' => 'zh-CN,zh;q=0.9',
  'accept-encoding' => 'gzip, deflate, br',
  'referer' => 'http://localhost/aaaaa/public/index.php/index/login/index.html',
  'accept' => 'text/html,application/xhtml+xml,application/xml;q=0.9,image/webp,image/apng,*/*;q=0.8',
  'user-agent' => 'Mozilla/5.0 (Windows NT 10.0; Win64; x64) AppleWebKit/537.36 (KHTML, like Gecko) Chrome/68.0.3440.84 Safari/537.36',
  'upgrade-insecure-requests' => '1',
  'cache-control' => 'max-age=0',
  'connection' => 'close',
  'host' => 'localhost',
)
[ info ] [ PARAM ] array (
)
[ info ] [ RUN ] app\index\controller\After->index[ F:\phpstudy\WWW\aaaaa\application\index\controller\After.php ]
[ info ] [ VIEW ] F:\phpstudy\WWW\aaaaa\public/../application/index\view\After\message.html [ array (
) ]
[ info ] [ LOG ] INIT File
---------------------------------------------------------------
[ 2019-04-02T00:17:38+08:00 ] 0.0.0.0 GET localhost/aaaaa/public/index.php/index/index/index.html
[运行时间：0.075147s] [吞吐率：13.31req/s] [内存消耗：1,475.16kb] [文件加载：43]
[ info ] [ LANG ] F:\phpstudy\WWW\aaaaa\thinkphp\lang\zh-cn.php
[ info ] [ ROUTE ] array (
  'type' => 'module',
  'module' => 
  array (
    0 => 'index',
    1 => 'index',
    2 => 'index',
  ),
)
[ info ] [ HEADER ] array (
  'cookie' => '_ga=GA1.1.726740477.1537545692; pgv_pvi=4977350656; PHPSESSID=2u5d6bot8onok4l6l9i0ptj7a4',
  'accept-language' => 'zh-CN,zh;q=0.9',
  'accept-encoding' => 'gzip, deflate, br',
  'referer' => 'http://localhost/aaaaa/public/index.php/index/after/index.html',
  'accept' => 'text/html,application/xhtml+xml,application/xml;q=0.9,image/webp,image/apng,*/*;q=0.8',
  'user-agent' => 'Mozilla/5.0 (Windows NT 10.0; Win64; x64) AppleWebKit/537.36 (KHTML, like Gecko) Chrome/68.0.3440.84 Safari/537.36',
  'upgrade-insecure-requests' => '1',
  'connection' => 'close',
  'host' => 'localhost',
)
[ info ] [ PARAM ] array (
)
[ info ] [ RUN ] app\index\controller\Index->index[ F:\phpstudy\WWW\aaaaa\application\index\controller\Index.php ]
[ info ] [ VIEW ] F:\phpstudy\WWW\aaaaa\public/../application/index\view\Index\index.html [ array (
) ]
[ info ] [ LOG ] INIT File
---------------------------------------------------------------
[ 2019-04-02T00:17:40+08:00 ] 0.0.0.0 GET localhost/aaaaa/public/index.php/index/index/products.html
[运行时间：0.060304s] [吞吐率：16.58req/s] [内存消耗：1,321.63kb] [文件加载：42]
[ info ] [ LANG ] F:\phpstudy\WWW\aaaaa\thinkphp\lang\zh-cn.php
[ info ] [ ROUTE ] array (
  'type' => 'module',
  'module' => 
  array (
    0 => 'index',
    1 => 'index',
    2 => 'products',
  ),
)
[ info ] [ HEADER ] array (
  'cookie' => '_ga=GA1.1.726740477.1537545692; pgv_pvi=4977350656; PHPSESSID=2u5d6bot8onok4l6l9i0ptj7a4',
  'accept-language' => 'zh-CN,zh;q=0.9',
  'accept-encoding' => 'gzip, deflate, br',
  'referer' => 'http://localhost/aaaaa/public/index.php/index/index/index.html',
  'accept' => 'text/html,application/xhtml+xml,application/xml;q=0.9,image/webp,image/apng,*/*;q=0.8',
  'user-agent' => 'Mozilla/5.0 (Windows NT 10.0; Win64; x64) AppleWebKit/537.36 (KHTML, like Gecko) Chrome/68.0.3440.84 Safari/537.36',
  'upgrade-insecure-requests' => '1',
  'connection' => 'close',
  'host' => 'localhost',
)
[ info ] [ PARAM ] array (
)
[ info ] [ LOG ] INIT File
---------------------------------------------------------------
[ 2019-04-02T00:17:46+08:00 ] 0.0.0.0 GET localhost/aaaaa/public/index.php/index/map/index.html
[运行时间：0.073411s] [吞吐率：13.62req/s] [内存消耗：1,471.65kb] [文件加载：43]
[ info ] [ LANG ] F:\phpstudy\WWW\aaaaa\thinkphp\lang\zh-cn.php
[ info ] [ ROUTE ] array (
  'type' => 'module',
  'module' => 
  array (
    0 => 'index',
    1 => 'map',
    2 => 'index',
  ),
)
[ info ] [ HEADER ] array (
  'cookie' => '_ga=GA1.1.726740477.1537545692; pgv_pvi=4977350656; PHPSESSID=2u5d6bot8onok4l6l9i0ptj7a4',
  'accept-language' => 'zh-CN,zh;q=0.9',
  'accept-encoding' => 'gzip, deflate, br',
  'referer' => 'http://localhost/aaaaa/public/index.php/index/index/index.html',
  'accept' => 'text/html,application/xhtml+xml,application/xml;q=0.9,image/webp,image/apng,*/*;q=0.8',
  'user-agent' => 'Mozilla/5.0 (Windows NT 10.0; Win64; x64) AppleWebKit/537.36 (KHTML, like Gecko) Chrome/68.0.3440.84 Safari/537.36',
  'upgrade-insecure-requests' => '1',
  'connection' => 'close',
  'host' => 'localhost',
)
[ info ] [ PARAM ] array (
)
[ info ] [ RUN ] app\index\controller\Map->index[ F:\phpstudy\WWW\aaaaa\application\index\controller\Map.php ]
[ info ] [ VIEW ] F:\phpstudy\WWW\aaaaa\public/../application/index\view\Map\map.html [ array (
) ]
[ info ] [ LOG ] INIT File
---------------------------------------------------------------
[ 2019-04-02T00:17:50+08:00 ] 0.0.0.0 GET localhost/aaaaa/public/index.php/index/medicine/index.html
[运行时间：0.078275s] [吞吐率：12.78req/s] [内存消耗：1,495.28kb] [文件加载：43]
[ info ] [ LANG ] F:\phpstudy\WWW\aaaaa\thinkphp\lang\zh-cn.php
[ info ] [ ROUTE ] array (
  'type' => 'module',
  'module' => 
  array (
    0 => 'index',
    1 => 'medicine',
    2 => 'index',
  ),
)
[ info ] [ HEADER ] array (
  'cookie' => '_ga=GA1.1.726740477.1537545692; pgv_pvi=4977350656; PHPSESSID=2u5d6bot8onok4l6l9i0ptj7a4',
  'accept-language' => 'zh-CN,zh;q=0.9',
  'accept-encoding' => 'gzip, deflate, br',
  'referer' => 'http://localhost/aaaaa/public/index.php/index/map/index.html',
  'accept' => 'text/html,application/xhtml+xml,application/xml;q=0.9,image/webp,image/apng,*/*;q=0.8',
  'user-agent' => 'Mozilla/5.0 (Windows NT 10.0; Win64; x64) AppleWebKit/537.36 (KHTML, like Gecko) Chrome/68.0.3440.84 Safari/537.36',
  'upgrade-insecure-requests' => '1',
  'connection' => 'close',
  'host' => 'localhost',
)
[ info ] [ PARAM ] array (
)
[ info ] [ RUN ] app\index\controller\Medicine->index[ F:\phpstudy\WWW\aaaaa\application\index\controller\Medicine.php ]
[ info ] [ VIEW ] F:\phpstudy\WWW\aaaaa\public/../application/index\view\Medicine\medicine.html [ array (
) ]
[ info ] [ LOG ] INIT File
---------------------------------------------------------------
[ 2019-04-02T00:17:52+08:00 ] 0.0.0.0 GET localhost/aaaaa/public/index.php/index/medicine/index_more.html
[运行时间：0.067011s] [吞吐率：14.92req/s] [内存消耗：1,507.72kb] [文件加载：43]
[ info ] [ LANG ] F:\phpstudy\WWW\aaaaa\thinkphp\lang\zh-cn.php
[ info ] [ ROUTE ] array (
  'type' => 'module',
  'module' => 
  array (
    0 => 'index',
    1 => 'medicine',
    2 => 'index_more',
  ),
)
[ info ] [ HEADER ] array (
  'cookie' => '_ga=GA1.1.726740477.1537545692; pgv_pvi=4977350656; PHPSESSID=2u5d6bot8onok4l6l9i0ptj7a4',
  'accept-language' => 'zh-CN,zh;q=0.9',
  'accept-encoding' => 'gzip, deflate, br',
  'referer' => 'http://localhost/aaaaa/public/index.php/index/medicine/index.html',
  'accept' => 'text/html,application/xhtml+xml,application/xml;q=0.9,image/webp,image/apng,*/*;q=0.8',
  'user-agent' => 'Mozilla/5.0 (Windows NT 10.0; Win64; x64) AppleWebKit/537.36 (KHTML, like Gecko) Chrome/68.0.3440.84 Safari/537.36',
  'upgrade-insecure-requests' => '1',
  'connection' => 'close',
  'host' => 'localhost',
)
[ info ] [ PARAM ] array (
)
[ info ] [ RUN ] app\index\controller\Medicine->index_more[ F:\phpstudy\WWW\aaaaa\application\index\controller\Medicine.php ]
[ info ] [ VIEW ] F:\phpstudy\WWW\aaaaa\public/../application/index\view\Medicine\medicine_more.html [ array (
) ]
[ info ] [ LOG ] INIT File
---------------------------------------------------------------
[ 2019-04-02T00:19:59+08:00 ] 0.0.0.0 GET localhost/aaaaa/public/index.php/index/medicine/index.html
[运行时间：0.093186s] [吞吐率：10.73req/s] [内存消耗：1,496.13kb] [文件加载：43]
[ info ] [ LANG ] F:\phpstudy\WWW\aaaaa\thinkphp\lang\zh-cn.php
[ info ] [ ROUTE ] array (
  'type' => 'module',
  'module' => 
  array (
    0 => 'index',
    1 => 'medicine',
    2 => 'index',
  ),
)
[ info ] [ HEADER ] array (
  'cookie' => '_ga=GA1.1.726740477.1537545692; pgv_pvi=4977350656; PHPSESSID=2u5d6bot8onok4l6l9i0ptj7a4',
  'accept-language' => 'zh-CN,zh;q=0.9',
  'accept-encoding' => 'gzip, deflate, br',
  'referer' => 'http://localhost/aaaaa/public/index.php/index/map/index.html',
  'accept' => 'text/html,application/xhtml+xml,application/xml;q=0.9,image/webp,image/apng,*/*;q=0.8',
  'user-agent' => 'Mozilla/5.0 (Windows NT 10.0; Win64; x64) AppleWebKit/537.36 (KHTML, like Gecko) Chrome/68.0.3440.84 Safari/537.36',
  'upgrade-insecure-requests' => '1',
  'cache-control' => 'max-age=0',
  'connection' => 'close',
  'host' => 'localhost',
)
[ info ] [ PARAM ] array (
)
[ info ] [ RUN ] app\index\controller\Medicine->index[ F:\phpstudy\WWW\aaaaa\application\index\controller\Medicine.php ]
[ info ] [ VIEW ] F:\phpstudy\WWW\aaaaa\public/../application/index\view\Medicine\medicine.html [ array (
) ]
[ info ] [ LOG ] INIT File
---------------------------------------------------------------
[ 2019-04-02T00:20:00+08:00 ] 0.0.0.0 GET localhost/aaaaa/public/index.php/index/medicine/index.html
[运行时间：0.067543s] [吞吐率：14.81req/s] [内存消耗：1,363.19kb] [文件加载：41]
[ info ] [ LANG ] F:\phpstudy\WWW\aaaaa\thinkphp\lang\zh-cn.php
[ info ] [ ROUTE ] array (
  'type' => 'module',
  'module' => 
  array (
    0 => 'index',
    1 => 'medicine',
    2 => 'index',
  ),
)
[ info ] [ HEADER ] array (
  'cookie' => '_ga=GA1.1.726740477.1537545692; pgv_pvi=4977350656; PHPSESSID=2u5d6bot8onok4l6l9i0ptj7a4',
  'accept-language' => 'zh-CN,zh;q=0.9',
  'accept-encoding' => 'gzip, deflate, br',
  'referer' => 'http://localhost/aaaaa/public/index.php/index/map/index.html',
  'accept' => 'text/html,application/xhtml+xml,application/xml;q=0.9,image/webp,image/apng,*/*;q=0.8',
  'user-agent' => 'Mozilla/5.0 (Windows NT 10.0; Win64; x64) AppleWebKit/537.36 (KHTML, like Gecko) Chrome/68.0.3440.84 Safari/537.36',
  'upgrade-insecure-requests' => '1',
  'cache-control' => 'max-age=0',
  'connection' => 'close',
  'host' => 'localhost',
)
[ info ] [ PARAM ] array (
)
[ info ] [ RUN ] app\index\controller\Medicine->index[ F:\phpstudy\WWW\aaaaa\application\index\controller\Medicine.php ]
[ info ] [ VIEW ] F:\phpstudy\WWW\aaaaa\public/../application/index\view\Medicine\medicine.html [ array (
) ]
[ info ] [ LOG ] INIT File
---------------------------------------------------------------
[ 2019-04-02T00:20:00+08:00 ] 0.0.0.0 GET localhost/aaaaa/public/index.php/index/medicine/index.html
[运行时间：0.054931s] [吞吐率：18.20req/s] [内存消耗：1,363.19kb] [文件加载：41]
[ info ] [ LANG ] F:\phpstudy\WWW\aaaaa\thinkphp\lang\zh-cn.php
[ info ] [ ROUTE ] array (
  'type' => 'module',
  'module' => 
  array (
    0 => 'index',
    1 => 'medicine',
    2 => 'index',
  ),
)
[ info ] [ HEADER ] array (
  'cookie' => '_ga=GA1.1.726740477.1537545692; pgv_pvi=4977350656; PHPSESSID=2u5d6bot8onok4l6l9i0ptj7a4',
  'accept-language' => 'zh-CN,zh;q=0.9',
  'accept-encoding' => 'gzip, deflate, br',
  'referer' => 'http://localhost/aaaaa/public/index.php/index/map/index.html',
  'accept' => 'text/html,application/xhtml+xml,application/xml;q=0.9,image/webp,image/apng,*/*;q=0.8',
  'user-agent' => 'Mozilla/5.0 (Windows NT 10.0; Win64; x64) AppleWebKit/537.36 (KHTML, like Gecko) Chrome/68.0.3440.84 Safari/537.36',
  'upgrade-insecure-requests' => '1',
  'cache-control' => 'max-age=0',
  'connection' => 'close',
  'host' => 'localhost',
)
[ info ] [ PARAM ] array (
)
[ info ] [ RUN ] app\index\controller\Medicine->index[ F:\phpstudy\WWW\aaaaa\application\index\controller\Medicine.php ]
[ info ] [ VIEW ] F:\phpstudy\WWW\aaaaa\public/../application/index\view\Medicine\medicine.html [ array (
) ]
[ info ] [ LOG ] INIT File
---------------------------------------------------------------
[ 2019-04-02T00:20:01+08:00 ] 0.0.0.0 GET localhost/aaaaa/public/index.php/index/medicine/index_more.html
[运行时间：0.056791s] [吞吐率：17.61req/s] [内存消耗：1,508.47kb] [文件加载：43]
[ info ] [ LANG ] F:\phpstudy\WWW\aaaaa\thinkphp\lang\zh-cn.php
[ info ] [ ROUTE ] array (
  'type' => 'module',
  'module' => 
  array (
    0 => 'index',
    1 => 'medicine',
    2 => 'index_more',
  ),
)
[ info ] [ HEADER ] array (
  'cookie' => '_ga=GA1.1.726740477.1537545692; pgv_pvi=4977350656; PHPSESSID=2u5d6bot8onok4l6l9i0ptj7a4',
  'accept-language' => 'zh-CN,zh;q=0.9',
  'accept-encoding' => 'gzip, deflate, br',
  'referer' => 'http://localhost/aaaaa/public/index.php/index/medicine/index.html',
  'accept' => 'text/html,application/xhtml+xml,application/xml;q=0.9,image/webp,image/apng,*/*;q=0.8',
  'user-agent' => 'Mozilla/5.0 (Windows NT 10.0; Win64; x64) AppleWebKit/537.36 (KHTML, like Gecko) Chrome/68.0.3440.84 Safari/537.36',
  'upgrade-insecure-requests' => '1',
  'connection' => 'close',
  'host' => 'localhost',
)
[ info ] [ PARAM ] array (
)
[ info ] [ RUN ] app\index\controller\Medicine->index_more[ F:\phpstudy\WWW\aaaaa\application\index\controller\Medicine.php ]
[ info ] [ VIEW ] F:\phpstudy\WWW\aaaaa\public/../application/index\view\Medicine\medicine_more.html [ array (
) ]
[ info ] [ LOG ] INIT File
---------------------------------------------------------------
[ 2019-04-02T00:20:19+08:00 ] 0.0.0.0 GET localhost/aaaaa/public/index.php/index/medicine/index_more.html
[运行时间：0.054645s] [吞吐率：18.30req/s] [内存消耗：1,363.12kb] [文件加载：41]
[ info ] [ LANG ] F:\phpstudy\WWW\aaaaa\thinkphp\lang\zh-cn.php
[ info ] [ ROUTE ] array (
  'type' => 'module',
  'module' => 
  array (
    0 => 'index',
    1 => 'medicine',
    2 => 'index_more',
  ),
)
[ info ] [ HEADER ] array (
  'cookie' => '_ga=GA1.1.726740477.1537545692; pgv_pvi=4977350656; PHPSESSID=2u5d6bot8onok4l6l9i0ptj7a4',
  'accept-language' => 'zh-CN,zh;q=0.9',
  'accept-encoding' => 'gzip, deflate, br',
  'referer' => 'http://localhost/aaaaa/public/index.php/index/medicine/index_more.html',
  'accept' => 'text/html,application/xhtml+xml,application/xml;q=0.9,image/webp,image/apng,*/*;q=0.8',
  'user-agent' => 'Mozilla/5.0 (Windows NT 10.0; Win64; x64) AppleWebKit/537.36 (KHTML, like Gecko) Chrome/68.0.3440.84 Safari/537.36',
  'upgrade-insecure-requests' => '1',
  'connection' => 'close',
  'host' => 'localhost',
)
[ info ] [ PARAM ] array (
)
[ info ] [ RUN ] app\index\controller\Medicine->index_more[ F:\phpstudy\WWW\aaaaa\application\index\controller\Medicine.php ]
[ info ] [ VIEW ] F:\phpstudy\WWW\aaaaa\public/../application/index\view\Medicine\medicine_more.html [ array (
) ]
[ info ] [ LOG ] INIT File
---------------------------------------------------------------
[ 2019-04-02T00:20:26+08:00 ] 0.0.0.0 GET localhost/aaaaa/public/index.php/index/kown/index.html
[运行时间：0.084411s] [吞吐率：11.85req/s] [内存消耗：1,475.59kb] [文件加载：43]
[ info ] [ LANG ] F:\phpstudy\WWW\aaaaa\thinkphp\lang\zh-cn.php
[ info ] [ ROUTE ] array (
  'type' => 'module',
  'module' => 
  array (
    0 => 'index',
    1 => 'kown',
    2 => 'index',
  ),
)
[ info ] [ HEADER ] array (
  'cookie' => '_ga=GA1.1.726740477.1537545692; pgv_pvi=4977350656; PHPSESSID=2u5d6bot8onok4l6l9i0ptj7a4',
  'accept-language' => 'zh-CN,zh;q=0.9',
  'accept-encoding' => 'gzip, deflate, br',
  'referer' => 'http://localhost/aaaaa/public/index.php/index/medicine/index_more.html',
  'accept' => 'text/html,application/xhtml+xml,application/xml;q=0.9,image/webp,image/apng,*/*;q=0.8',
  'user-agent' => 'Mozilla/5.0 (Windows NT 10.0; Win64; x64) AppleWebKit/537.36 (KHTML, like Gecko) Chrome/68.0.3440.84 Safari/537.36',
  'upgrade-insecure-requests' => '1',
  'connection' => 'close',
  'host' => 'localhost',
)
[ info ] [ PARAM ] array (
)
[ info ] [ RUN ] app\index\controller\Kown->index[ F:\phpstudy\WWW\aaaaa\application\index\controller\Kown.php ]
[ info ] [ VIEW ] F:\phpstudy\WWW\aaaaa\public/../application/index\view\Kown\kownledge.html [ array (
) ]
[ info ] [ LOG ] INIT File
---------------------------------------------------------------
[ 2019-04-02T00:20:30+08:00 ] 0.0.0.0 GET localhost/aaaaa/public/index.php/index/kown/index_more.html
[运行时间：0.065868s] [吞吐率：15.18req/s] [内存消耗：1,475.30kb] [文件加载：43]
[ info ] [ LANG ] F:\phpstudy\WWW\aaaaa\thinkphp\lang\zh-cn.php
[ info ] [ ROUTE ] array (
  'type' => 'module',
  'module' => 
  array (
    0 => 'index',
    1 => 'kown',
    2 => 'index_more',
  ),
)
[ info ] [ HEADER ] array (
  'cookie' => '_ga=GA1.1.726740477.1537545692; pgv_pvi=4977350656; PHPSESSID=2u5d6bot8onok4l6l9i0ptj7a4',
  'accept-language' => 'zh-CN,zh;q=0.9',
  'accept-encoding' => 'gzip, deflate, br',
  'referer' => 'http://localhost/aaaaa/public/index.php/index/kown/index.html',
  'accept' => 'text/html,application/xhtml+xml,application/xml;q=0.9,image/webp,image/apng,*/*;q=0.8',
  'user-agent' => 'Mozilla/5.0 (Windows NT 10.0; Win64; x64) AppleWebKit/537.36 (KHTML, like Gecko) Chrome/68.0.3440.84 Safari/537.36',
  'upgrade-insecure-requests' => '1',
  'connection' => 'close',
  'host' => 'localhost',
)
[ info ] [ PARAM ] array (
)
[ info ] [ RUN ] app\index\controller\Kown->index_more[ F:\phpstudy\WWW\aaaaa\application\index\controller\Kown.php ]
[ info ] [ VIEW ] F:\phpstudy\WWW\aaaaa\public/../application/index\view\Kown\kownledge_more.html [ array (
) ]
[ info ] [ LOG ] INIT File
---------------------------------------------------------------
[ 2019-04-02T00:20:34+08:00 ] 0.0.0.0 GET localhost/aaaaa/public/index.php/index/login/index.html
[运行时间：0.069299s] [吞吐率：14.43req/s] [内存消耗：1,474.54kb] [文件加载：43]
[ info ] [ LANG ] F:\phpstudy\WWW\aaaaa\thinkphp\lang\zh-cn.php
[ info ] [ ROUTE ] array (
  'type' => 'module',
  'module' => 
  array (
    0 => 'index',
    1 => 'login',
    2 => 'index',
  ),
)
[ info ] [ HEADER ] array (
  'cookie' => '_ga=GA1.1.726740477.1537545692; pgv_pvi=4977350656; PHPSESSID=2u5d6bot8onok4l6l9i0ptj7a4',
  'accept-language' => 'zh-CN,zh;q=0.9',
  'accept-encoding' => 'gzip, deflate, br',
  'referer' => 'http://localhost/aaaaa/public/index.php/index/kown/index_more.html',
  'accept' => 'text/html,application/xhtml+xml,application/xml;q=0.9,image/webp,image/apng,*/*;q=0.8',
  'user-agent' => 'Mozilla/5.0 (Windows NT 10.0; Win64; x64) AppleWebKit/537.36 (KHTML, like Gecko) Chrome/68.0.3440.84 Safari/537.36',
  'upgrade-insecure-requests' => '1',
  'connection' => 'close',
  'host' => 'localhost',
)
[ info ] [ PARAM ] array (
)
[ info ] [ RUN ] app\index\controller\Login->index[ F:\phpstudy\WWW\aaaaa\application\index\controller\Login.php ]
[ info ] [ VIEW ] F:\phpstudy\WWW\aaaaa\public/../application/index\view\Login\login.html [ array (
) ]
[ info ] [ LOG ] INIT File
---------------------------------------------------------------
[ 2019-04-02T00:20:37+08:00 ] 0.0.0.0 GET localhost/aaaaa/public/index.php/index/login/account.html
[运行时间：0.064947s] [吞吐率：15.40req/s] [内存消耗：1,476.53kb] [文件加载：43]
[ info ] [ LANG ] F:\phpstudy\WWW\aaaaa\thinkphp\lang\zh-cn.php
[ info ] [ ROUTE ] array (
  'type' => 'module',
  'module' => 
  array (
    0 => 'index',
    1 => 'login',
    2 => 'account',
  ),
)
[ info ] [ HEADER ] array (
  'cookie' => '_ga=GA1.1.726740477.1537545692; pgv_pvi=4977350656; PHPSESSID=2u5d6bot8onok4l6l9i0ptj7a4',
  'accept-language' => 'zh-CN,zh;q=0.9',
  'accept-encoding' => 'gzip, deflate, br',
  'referer' => 'http://localhost/aaaaa/public/index.php/index/login/index.html',
  'accept' => 'text/html,application/xhtml+xml,application/xml;q=0.9,image/webp,image/apng,*/*;q=0.8',
  'user-agent' => 'Mozilla/5.0 (Windows NT 10.0; Win64; x64) AppleWebKit/537.36 (KHTML, like Gecko) Chrome/68.0.3440.84 Safari/537.36',
  'upgrade-insecure-requests' => '1',
  'connection' => 'close',
  'host' => 'localhost',
)
[ info ] [ PARAM ] array (
)
[ info ] [ RUN ] app\index\controller\Login->account[ F:\phpstudy\WWW\aaaaa\application\index\controller\Login.php ]
[ info ] [ VIEW ] F:\phpstudy\WWW\aaaaa\public/../application/index\view\Login\account.html [ array (
) ]
[ info ] [ LOG ] INIT File
---------------------------------------------------------------
[ 2019-04-02T00:20:42+08:00 ] 0.0.0.0 GET localhost/aaaaa/public/index.php/index/after/index.html
[运行时间：0.062365s] [吞吐率：16.03req/s] [内存消耗：1,475.68kb] [文件加载：43]
[ info ] [ LANG ] F:\phpstudy\WWW\aaaaa\thinkphp\lang\zh-cn.php
[ info ] [ ROUTE ] array (
  'type' => 'module',
  'module' => 
  array (
    0 => 'index',
    1 => 'after',
    2 => 'index',
  ),
)
[ info ] [ HEADER ] array (
  'cookie' => '_ga=GA1.1.726740477.1537545692; pgv_pvi=4977350656; PHPSESSID=2u5d6bot8onok4l6l9i0ptj7a4',
  'accept-language' => 'zh-CN,zh;q=0.9',
  'accept-encoding' => 'gzip, deflate, br',
  'referer' => 'http://localhost/aaaaa/public/index.php/index/login/account.html',
  'accept' => 'text/html,application/xhtml+xml,application/xml;q=0.9,image/webp,image/apng,*/*;q=0.8',
  'user-agent' => 'Mozilla/5.0 (Windows NT 10.0; Win64; x64) AppleWebKit/537.36 (KHTML, like Gecko) Chrome/68.0.3440.84 Safari/537.36',
  'upgrade-insecure-requests' => '1',
  'connection' => 'close',
  'host' => 'localhost',
)
[ info ] [ PARAM ] array (
)
[ info ] [ RUN ] app\index\controller\After->index[ F:\phpstudy\WWW\aaaaa\application\index\controller\After.php ]
[ info ] [ VIEW ] F:\phpstudy\WWW\aaaaa\public/../application/index\view\After\message.html [ array (
) ]
[ info ] [ LOG ] INIT File
---------------------------------------------------------------
[ 2019-04-02T23:56:03+08:00 ] 0.0.0.0 GET localhost/medicine_kownledge/public/index.php/index/index/index
[运行时间：0.015413s] [吞吐率：64.88req/s] [内存消耗：1,747.06kb] [文件加载：43]
[ info ] [ LANG ] /Library/WebServer/Documents/medicine_kownledge/thinkphp/lang/zh-cn.php
[ info ] [ ROUTE ] array (
  'type' => 'module',
  'module' => 
  array (
    0 => 'index',
    1 => 'index',
    2 => 'index',
  ),
)
[ info ] [ HEADER ] array (
  'host' => 'localhost',
  'connection' => 'keep-alive',
  'cache-control' => 'max-age=0',
  'upgrade-insecure-requests' => '1',
  'user-agent' => 'Mozilla/5.0 (Macintosh; Intel Mac OS X 10_14_2) AppleWebKit/537.36 (KHTML, like Gecko) Chrome/73.0.3683.86 Safari/537.36',
  'accept' => 'text/html,application/xhtml+xml,application/xml;q=0.9,image/webp,image/apng,*/*;q=0.8,application/signed-exchange;v=b3',
  'accept-encoding' => 'gzip, deflate, br',
  'accept-language' => 'zh-CN,zh;q=0.9',
)
[ info ] [ PARAM ] array (
)
[ info ] [ RUN ] app\index\controller\Index->index[ /Library/WebServer/Documents/medicine_kownledge/application/index/controller/Index.php ]
[ info ] [ VIEW ] /Library/WebServer/Documents/medicine_kownledge/public/../application/index/view/Index/index.html [ array (
) ]
[ info ] [ LOG ] INIT File
---------------------------------------------------------------
[ 2019-04-02T23:57:34+08:00 ] 0.0.0.0 GET localhost/medicine_kownledge/public/index.php/index/index/index
[运行时间：0.015945s] [吞吐率：62.72req/s] [内存消耗：1,599.19kb] [文件加载：41]
[ info ] [ LANG ] /Library/WebServer/Documents/medicine_kownledge/thinkphp/lang/zh-cn.php
[ info ] [ ROUTE ] array (
  'type' => 'module',
  'module' => 
  array (
    0 => 'index',
    1 => 'index',
    2 => 'index',
  ),
)
[ info ] [ HEADER ] array (
  'host' => 'localhost',
  'connection' => 'keep-alive',
  'cache-control' => 'max-age=0',
  'upgrade-insecure-requests' => '1',
  'user-agent' => 'Mozilla/5.0 (Macintosh; Intel Mac OS X 10_14_2) AppleWebKit/537.36 (KHTML, like Gecko) Chrome/73.0.3683.86 Safari/537.36',
  'accept' => 'text/html,application/xhtml+xml,application/xml;q=0.9,image/webp,image/apng,*/*;q=0.8,application/signed-exchange;v=b3',
  'accept-encoding' => 'gzip, deflate, br',
  'accept-language' => 'zh-CN,zh;q=0.9',
)
[ info ] [ PARAM ] array (
)
[ info ] [ RUN ] app\index\controller\Index->index[ /Library/WebServer/Documents/medicine_kownledge/application/index/controller/Index.php ]
[ info ] [ VIEW ] /Library/WebServer/Documents/medicine_kownledge/public/../application/index/view/Index/index.html [ array (
) ]
[ info ] [ LOG ] INIT File
---------------------------------------------------------------
[ 2019-04-02T23:57:55+08:00 ] 0.0.0.0 GET localhost/medicine_kownledge/public/index.php/index/index/index
[运行时间：0.013329s] [吞吐率：75.03req/s] [内存消耗：1,599.19kb] [文件加载：41]
[ info ] [ LANG ] /Library/WebServer/Documents/medicine_kownledge/thinkphp/lang/zh-cn.php
[ info ] [ ROUTE ] array (
  'type' => 'module',
  'module' => 
  array (
    0 => 'index',
    1 => 'index',
    2 => 'index',
  ),
)
[ info ] [ HEADER ] array (
  'host' => 'localhost',
  'connection' => 'keep-alive',
  'cache-control' => 'max-age=0',
  'upgrade-insecure-requests' => '1',
  'user-agent' => 'Mozilla/5.0 (Macintosh; Intel Mac OS X 10_14_2) AppleWebKit/537.36 (KHTML, like Gecko) Chrome/73.0.3683.86 Safari/537.36',
  'accept' => 'text/html,application/xhtml+xml,application/xml;q=0.9,image/webp,image/apng,*/*;q=0.8,application/signed-exchange;v=b3',
  'accept-encoding' => 'gzip, deflate, br',
  'accept-language' => 'zh-CN,zh;q=0.9',
)
[ info ] [ PARAM ] array (
)
[ info ] [ RUN ] app\index\controller\Index->index[ /Library/WebServer/Documents/medicine_kownledge/application/index/controller/Index.php ]
[ info ] [ VIEW ] /Library/WebServer/Documents/medicine_kownledge/public/../application/index/view/Index/index.html [ array (
) ]
[ info ] [ LOG ] INIT File
---------------------------------------------------------------
[ 2019-04-02T23:58:19+08:00 ] 0.0.0.0 GET localhost/medicine_kownledge/public/index.php/index/index/index
[运行时间：0.013712s] [吞吐率：72.93req/s] [内存消耗：1,599.19kb] [文件加载：41]
[ info ] [ LANG ] /Library/WebServer/Documents/medicine_kownledge/thinkphp/lang/zh-cn.php
[ info ] [ ROUTE ] array (
  'type' => 'module',
  'module' => 
  array (
    0 => 'index',
    1 => 'index',
    2 => 'index',
  ),
)
[ info ] [ HEADER ] array (
  'host' => 'localhost',
  'connection' => 'keep-alive',
  'cache-control' => 'max-age=0',
  'upgrade-insecure-requests' => '1',
  'user-agent' => 'Mozilla/5.0 (Macintosh; Intel Mac OS X 10_14_2) AppleWebKit/537.36 (KHTML, like Gecko) Chrome/73.0.3683.86 Safari/537.36',
  'accept' => 'text/html,application/xhtml+xml,application/xml;q=0.9,image/webp,image/apng,*/*;q=0.8,application/signed-exchange;v=b3',
  'accept-encoding' => 'gzip, deflate, br',
  'accept-language' => 'zh-CN,zh;q=0.9',
)
[ info ] [ PARAM ] array (
)
[ info ] [ RUN ] app\index\controller\Index->index[ /Library/WebServer/Documents/medicine_kownledge/application/index/controller/Index.php ]
[ info ] [ VIEW ] /Library/WebServer/Documents/medicine_kownledge/public/../application/index/view/Index/index.html [ array (
) ]
[ info ] [ LOG ] INIT File
---------------------------------------------------------------
[ 2019-04-02T23:58:34+08:00 ] 0.0.0.0 GET localhost/medicine_kownledge/public/index.php/index/index/index
[运行时间：0.013234s] [吞吐率：75.56req/s] [内存消耗：1,599.19kb] [文件加载：41]
[ info ] [ LANG ] /Library/WebServer/Documents/medicine_kownledge/thinkphp/lang/zh-cn.php
[ info ] [ ROUTE ] array (
  'type' => 'module',
  'module' => 
  array (
    0 => 'index',
    1 => 'index',
    2 => 'index',
  ),
)
[ info ] [ HEADER ] array (
  'host' => 'localhost',
  'connection' => 'keep-alive',
  'cache-control' => 'max-age=0',
  'upgrade-insecure-requests' => '1',
  'user-agent' => 'Mozilla/5.0 (Macintosh; Intel Mac OS X 10_14_2) AppleWebKit/537.36 (KHTML, like Gecko) Chrome/73.0.3683.86 Safari/537.36',
  'accept' => 'text/html,application/xhtml+xml,application/xml;q=0.9,image/webp,image/apng,*/*;q=0.8,application/signed-exchange;v=b3',
  'accept-encoding' => 'gzip, deflate, br',
  'accept-language' => 'zh-CN,zh;q=0.9',
)
[ info ] [ PARAM ] array (
)
[ info ] [ RUN ] app\index\controller\Index->index[ /Library/WebServer/Documents/medicine_kownledge/application/index/controller/Index.php ]
[ info ] [ VIEW ] /Library/WebServer/Documents/medicine_kownledge/public/../application/index/view/Index/index.html [ array (
) ]
[ info ] [ LOG ] INIT File
---------------------------------------------------------------
[ 2019-04-02T23:58:35+08:00 ] 0.0.0.0 GET localhost/medicine_kownledge/public/index.php/index/index/index
[运行时间：0.013215s] [吞吐率：75.67req/s] [内存消耗：1,599.19kb] [文件加载：41]
[ info ] [ LANG ] /Library/WebServer/Documents/medicine_kownledge/thinkphp/lang/zh-cn.php
[ info ] [ ROUTE ] array (
  'type' => 'module',
  'module' => 
  array (
    0 => 'index',
    1 => 'index',
    2 => 'index',
  ),
)
[ info ] [ HEADER ] array (
  'host' => 'localhost',
  'connection' => 'keep-alive',
  'cache-control' => 'max-age=0',
  'upgrade-insecure-requests' => '1',
  'user-agent' => 'Mozilla/5.0 (Macintosh; Intel Mac OS X 10_14_2) AppleWebKit/537.36 (KHTML, like Gecko) Chrome/73.0.3683.86 Safari/537.36',
  'accept' => 'text/html,application/xhtml+xml,application/xml;q=0.9,image/webp,image/apng,*/*;q=0.8,application/signed-exchange;v=b3',
  'accept-encoding' => 'gzip, deflate, br',
  'accept-language' => 'zh-CN,zh;q=0.9',
)
[ info ] [ PARAM ] array (
)
[ info ] [ RUN ] app\index\controller\Index->index[ /Library/WebServer/Documents/medicine_kownledge/application/index/controller/Index.php ]
[ info ] [ VIEW ] /Library/WebServer/Documents/medicine_kownledge/public/../application/index/view/Index/index.html [ array (
) ]
[ info ] [ LOG ] INIT File
---------------------------------------------------------------
[ 2019-04-02T23:58:35+08:00 ] 0.0.0.0 GET localhost/medicine_kownledge/public/index.php/index/index/index
[运行时间：0.012995s] [吞吐率：76.95req/s] [内存消耗：1,599.19kb] [文件加载：41]
[ info ] [ LANG ] /Library/WebServer/Documents/medicine_kownledge/thinkphp/lang/zh-cn.php
[ info ] [ ROUTE ] array (
  'type' => 'module',
  'module' => 
  array (
    0 => 'index',
    1 => 'index',
    2 => 'index',
  ),
)
[ info ] [ HEADER ] array (
  'host' => 'localhost',
  'connection' => 'keep-alive',
  'cache-control' => 'max-age=0',
  'upgrade-insecure-requests' => '1',
  'user-agent' => 'Mozilla/5.0 (Macintosh; Intel Mac OS X 10_14_2) AppleWebKit/537.36 (KHTML, like Gecko) Chrome/73.0.3683.86 Safari/537.36',
  'accept' => 'text/html,application/xhtml+xml,application/xml;q=0.9,image/webp,image/apng,*/*;q=0.8,application/signed-exchange;v=b3',
  'accept-encoding' => 'gzip, deflate, br',
  'accept-language' => 'zh-CN,zh;q=0.9',
)
[ info ] [ PARAM ] array (
)
[ info ] [ RUN ] app\index\controller\Index->index[ /Library/WebServer/Documents/medicine_kownledge/application/index/controller/Index.php ]
[ info ] [ VIEW ] /Library/WebServer/Documents/medicine_kownledge/public/../application/index/view/Index/index.html [ array (
) ]
[ info ] [ LOG ] INIT File
---------------------------------------------------------------
[ 2019-04-02T23:58:38+08:00 ] 0.0.0.0 GET localhost/medicine_kownledge/public/index.php/index/index/index
[运行时间：0.013076s] [吞吐率：76.48req/s] [内存消耗：1,599.19kb] [文件加载：41]
[ info ] [ LANG ] /Library/WebServer/Documents/medicine_kownledge/thinkphp/lang/zh-cn.php
[ info ] [ ROUTE ] array (
  'type' => 'module',
  'module' => 
  array (
    0 => 'index',
    1 => 'index',
    2 => 'index',
  ),
)
[ info ] [ HEADER ] array (
  'host' => 'localhost',
  'connection' => 'keep-alive',
  'cache-control' => 'max-age=0',
  'upgrade-insecure-requests' => '1',
  'user-agent' => 'Mozilla/5.0 (Macintosh; Intel Mac OS X 10_14_2) AppleWebKit/537.36 (KHTML, like Gecko) Chrome/73.0.3683.86 Safari/537.36',
  'accept' => 'text/html,application/xhtml+xml,application/xml;q=0.9,image/webp,image/apng,*/*;q=0.8,application/signed-exchange;v=b3',
  'accept-encoding' => 'gzip, deflate, br',
  'accept-language' => 'zh-CN,zh;q=0.9',
)
[ info ] [ PARAM ] array (
)
[ info ] [ RUN ] app\index\controller\Index->index[ /Library/WebServer/Documents/medicine_kownledge/application/index/controller/Index.php ]
[ info ] [ VIEW ] /Library/WebServer/Documents/medicine_kownledge/public/../application/index/view/Index/index.html [ array (
) ]
[ info ] [ LOG ] INIT File
---------------------------------------------------------------
[ 2019-04-02T23:58:38+08:00 ] 0.0.0.0 GET localhost/medicine_kownledge/public/index.php/index/index/index
[运行时间：0.015227s] [吞吐率：65.67req/s] [内存消耗：1,599.19kb] [文件加载：41]
[ info ] [ LANG ] /Library/WebServer/Documents/medicine_kownledge/thinkphp/lang/zh-cn.php
[ info ] [ ROUTE ] array (
  'type' => 'module',
  'module' => 
  array (
    0 => 'index',
    1 => 'index',
    2 => 'index',
  ),
)
[ info ] [ HEADER ] array (
  'host' => 'localhost',
  'connection' => 'keep-alive',
  'cache-control' => 'max-age=0',
  'upgrade-insecure-requests' => '1',
  'user-agent' => 'Mozilla/5.0 (Macintosh; Intel Mac OS X 10_14_2) AppleWebKit/537.36 (KHTML, like Gecko) Chrome/73.0.3683.86 Safari/537.36',
  'accept' => 'text/html,application/xhtml+xml,application/xml;q=0.9,image/webp,image/apng,*/*;q=0.8,application/signed-exchange;v=b3',
  'accept-encoding' => 'gzip, deflate, br',
  'accept-language' => 'zh-CN,zh;q=0.9',
)
[ info ] [ PARAM ] array (
)
[ info ] [ RUN ] app\index\controller\Index->index[ /Library/WebServer/Documents/medicine_kownledge/application/index/controller/Index.php ]
[ info ] [ VIEW ] /Library/WebServer/Documents/medicine_kownledge/public/../application/index/view/Index/index.html [ array (
) ]
[ info ] [ LOG ] INIT File
---------------------------------------------------------------
[ 2019-04-02T23:58:39+08:00 ] 0.0.0.0 GET localhost/medicine_kownledge/public/index.php/index/index/index
[运行时间：0.015356s] [吞吐率：65.12req/s] [内存消耗：1,599.19kb] [文件加载：41]
[ info ] [ LANG ] /Library/WebServer/Documents/medicine_kownledge/thinkphp/lang/zh-cn.php
[ info ] [ ROUTE ] array (
  'type' => 'module',
  'module' => 
  array (
    0 => 'index',
    1 => 'index',
    2 => 'index',
  ),
)
[ info ] [ HEADER ] array (
  'host' => 'localhost',
  'connection' => 'keep-alive',
  'cache-control' => 'max-age=0',
  'upgrade-insecure-requests' => '1',
  'user-agent' => 'Mozilla/5.0 (Macintosh; Intel Mac OS X 10_14_2) AppleWebKit/537.36 (KHTML, like Gecko) Chrome/73.0.3683.86 Safari/537.36',
  'accept' => 'text/html,application/xhtml+xml,application/xml;q=0.9,image/webp,image/apng,*/*;q=0.8,application/signed-exchange;v=b3',
  'accept-encoding' => 'gzip, deflate, br',
  'accept-language' => 'zh-CN,zh;q=0.9',
)
[ info ] [ PARAM ] array (
)
[ info ] [ RUN ] app\index\controller\Index->index[ /Library/WebServer/Documents/medicine_kownledge/application/index/controller/Index.php ]
[ info ] [ VIEW ] /Library/WebServer/Documents/medicine_kownledge/public/../application/index/view/Index/index.html [ array (
) ]
[ info ] [ LOG ] INIT File
---------------------------------------------------------------
[ 2019-04-02T23:58:40+08:00 ] 0.0.0.0 GET localhost/medicine_kownledge/public/index.php/index/index/index
[运行时间：0.013098s] [吞吐率：76.35req/s] [内存消耗：1,599.19kb] [文件加载：41]
[ info ] [ LANG ] /Library/WebServer/Documents/medicine_kownledge/thinkphp/lang/zh-cn.php
[ info ] [ ROUTE ] array (
  'type' => 'module',
  'module' => 
  array (
    0 => 'index',
    1 => 'index',
    2 => 'index',
  ),
)
[ info ] [ HEADER ] array (
  'host' => 'localhost',
  'connection' => 'keep-alive',
  'cache-control' => 'max-age=0',
  'upgrade-insecure-requests' => '1',
  'user-agent' => 'Mozilla/5.0 (Macintosh; Intel Mac OS X 10_14_2) AppleWebKit/537.36 (KHTML, like Gecko) Chrome/73.0.3683.86 Safari/537.36',
  'accept' => 'text/html,application/xhtml+xml,application/xml;q=0.9,image/webp,image/apng,*/*;q=0.8,application/signed-exchange;v=b3',
  'accept-encoding' => 'gzip, deflate, br',
  'accept-language' => 'zh-CN,zh;q=0.9',
)
[ info ] [ PARAM ] array (
)
[ info ] [ RUN ] app\index\controller\Index->index[ /Library/WebServer/Documents/medicine_kownledge/application/index/controller/Index.php ]
[ info ] [ VIEW ] /Library/WebServer/Documents/medicine_kownledge/public/../application/index/view/Index/index.html [ array (
) ]
[ info ] [ LOG ] INIT File
---------------------------------------------------------------
[ 2019-04-02T23:58:40+08:00 ] 0.0.0.0 GET localhost/medicine_kownledge/public/index.php/index/index/index
[运行时间：0.012699s] [吞吐率：78.75req/s] [内存消耗：1,599.19kb] [文件加载：41]
[ info ] [ LANG ] /Library/WebServer/Documents/medicine_kownledge/thinkphp/lang/zh-cn.php
[ info ] [ ROUTE ] array (
  'type' => 'module',
  'module' => 
  array (
    0 => 'index',
    1 => 'index',
    2 => 'index',
  ),
)
[ info ] [ HEADER ] array (
  'host' => 'localhost',
  'connection' => 'keep-alive',
  'cache-control' => 'max-age=0',
  'upgrade-insecure-requests' => '1',
  'user-agent' => 'Mozilla/5.0 (Macintosh; Intel Mac OS X 10_14_2) AppleWebKit/537.36 (KHTML, like Gecko) Chrome/73.0.3683.86 Safari/537.36',
  'accept' => 'text/html,application/xhtml+xml,application/xml;q=0.9,image/webp,image/apng,*/*;q=0.8,application/signed-exchange;v=b3',
  'accept-encoding' => 'gzip, deflate, br',
  'accept-language' => 'zh-CN,zh;q=0.9',
)
[ info ] [ PARAM ] array (
)
[ info ] [ RUN ] app\index\controller\Index->index[ /Library/WebServer/Documents/medicine_kownledge/application/index/controller/Index.php ]
[ info ] [ VIEW ] /Library/WebServer/Documents/medicine_kownledge/public/../application/index/view/Index/index.html [ array (
) ]
[ info ] [ LOG ] INIT File
---------------------------------------------------------------
[ 2019-04-02T23:58:40+08:00 ] 0.0.0.0 GET localhost/medicine_kownledge/public/index.php/index/index/index
[运行时间：0.012775s] [吞吐率：78.28req/s] [内存消耗：1,599.19kb] [文件加载：41]
[ info ] [ LANG ] /Library/WebServer/Documents/medicine_kownledge/thinkphp/lang/zh-cn.php
[ info ] [ ROUTE ] array (
  'type' => 'module',
  'module' => 
  array (
    0 => 'index',
    1 => 'index',
    2 => 'index',
  ),
)
[ info ] [ HEADER ] array (
  'host' => 'localhost',
  'connection' => 'keep-alive',
  'cache-control' => 'max-age=0',
  'upgrade-insecure-requests' => '1',
  'user-agent' => 'Mozilla/5.0 (Macintosh; Intel Mac OS X 10_14_2) AppleWebKit/537.36 (KHTML, like Gecko) Chrome/73.0.3683.86 Safari/537.36',
  'accept' => 'text/html,application/xhtml+xml,application/xml;q=0.9,image/webp,image/apng,*/*;q=0.8,application/signed-exchange;v=b3',
  'accept-encoding' => 'gzip, deflate, br',
  'accept-language' => 'zh-CN,zh;q=0.9',
)
[ info ] [ PARAM ] array (
)
[ info ] [ RUN ] app\index\controller\Index->index[ /Library/WebServer/Documents/medicine_kownledge/application/index/controller/Index.php ]
[ info ] [ VIEW ] /Library/WebServer/Documents/medicine_kownledge/public/../application/index/view/Index/index.html [ array (
) ]
[ info ] [ LOG ] INIT File
---------------------------------------------------------------
[ 2019-04-02T23:58:40+08:00 ] 0.0.0.0 GET localhost/medicine_kownledge/public/index.php/index/index/index
[运行时间：0.011938s] [吞吐率：83.77req/s] [内存消耗：1,599.19kb] [文件加载：41]
[ info ] [ LANG ] /Library/WebServer/Documents/medicine_kownledge/thinkphp/lang/zh-cn.php
[ info ] [ ROUTE ] array (
  'type' => 'module',
  'module' => 
  array (
    0 => 'index',
    1 => 'index',
    2 => 'index',
  ),
)
[ info ] [ HEADER ] array (
  'host' => 'localhost',
  'connection' => 'keep-alive',
  'cache-control' => 'max-age=0',
  'upgrade-insecure-requests' => '1',
  'user-agent' => 'Mozilla/5.0 (Macintosh; Intel Mac OS X 10_14_2) AppleWebKit/537.36 (KHTML, like Gecko) Chrome/73.0.3683.86 Safari/537.36',
  'accept' => 'text/html,application/xhtml+xml,application/xml;q=0.9,image/webp,image/apng,*/*;q=0.8,application/signed-exchange;v=b3',
  'accept-encoding' => 'gzip, deflate, br',
  'accept-language' => 'zh-CN,zh;q=0.9',
)
[ info ] [ PARAM ] array (
)
[ info ] [ RUN ] app\index\controller\Index->index[ /Library/WebServer/Documents/medicine_kownledge/application/index/controller/Index.php ]
[ info ] [ VIEW ] /Library/WebServer/Documents/medicine_kownledge/public/../application/index/view/Index/index.html [ array (
) ]
[ info ] [ LOG ] INIT File
---------------------------------------------------------------
[ 2019-04-02T23:59:38+08:00 ] 0.0.0.0 GET localhost/medicine_kownledge/public/index.php/index/index/index
[运行时间：0.013427s] [吞吐率：74.48req/s] [内存消耗：1,599.19kb] [文件加载：41]
[ info ] [ LANG ] /Library/WebServer/Documents/medicine_kownledge/thinkphp/lang/zh-cn.php
[ info ] [ ROUTE ] array (
  'type' => 'module',
  'module' => 
  array (
    0 => 'index',
    1 => 'index',
    2 => 'index',
  ),
)
[ info ] [ HEADER ] array (
  'host' => 'localhost',
  'connection' => 'keep-alive',
  'cache-control' => 'max-age=0',
  'upgrade-insecure-requests' => '1',
  'user-agent' => 'Mozilla/5.0 (Macintosh; Intel Mac OS X 10_14_2) AppleWebKit/537.36 (KHTML, like Gecko) Chrome/73.0.3683.86 Safari/537.36',
  'accept' => 'text/html,application/xhtml+xml,application/xml;q=0.9,image/webp,image/apng,*/*;q=0.8,application/signed-exchange;v=b3',
  'accept-encoding' => 'gzip, deflate, br',
  'accept-language' => 'zh-CN,zh;q=0.9',
)
[ info ] [ PARAM ] array (
)
[ info ] [ RUN ] app\index\controller\Index->index[ /Library/WebServer/Documents/medicine_kownledge/application/index/controller/Index.php ]
[ info ] [ VIEW ] /Library/WebServer/Documents/medicine_kownledge/public/../application/index/view/Index/index.html [ array (
) ]
[ info ] [ LOG ] INIT File
---------------------------------------------------------------
[ 2019-04-02T23:59:39+08:00 ] 0.0.0.0 GET localhost/medicine_kownledge/public/index.php/index/index/index
[运行时间：0.013271s] [吞吐率：75.35req/s] [内存消耗：1,599.19kb] [文件加载：41]
[ info ] [ LANG ] /Library/WebServer/Documents/medicine_kownledge/thinkphp/lang/zh-cn.php
[ info ] [ ROUTE ] array (
  'type' => 'module',
  'module' => 
  array (
    0 => 'index',
    1 => 'index',
    2 => 'index',
  ),
)
[ info ] [ HEADER ] array (
  'host' => 'localhost',
  'connection' => 'keep-alive',
  'cache-control' => 'max-age=0',
  'upgrade-insecure-requests' => '1',
  'user-agent' => 'Mozilla/5.0 (Macintosh; Intel Mac OS X 10_14_2) AppleWebKit/537.36 (KHTML, like Gecko) Chrome/73.0.3683.86 Safari/537.36',
  'accept' => 'text/html,application/xhtml+xml,application/xml;q=0.9,image/webp,image/apng,*/*;q=0.8,application/signed-exchange;v=b3',
  'accept-encoding' => 'gzip, deflate, br',
  'accept-language' => 'zh-CN,zh;q=0.9',
)
[ info ] [ PARAM ] array (
)
[ info ] [ RUN ] app\index\controller\Index->index[ /Library/WebServer/Documents/medicine_kownledge/application/index/controller/Index.php ]
[ info ] [ VIEW ] /Library/WebServer/Documents/medicine_kownledge/public/../application/index/view/Index/index.html [ array (
) ]
[ info ] [ LOG ] INIT File
---------------------------------------------------------------
[ 2019-04-02T23:59:39+08:00 ] 0.0.0.0 GET localhost/medicine_kownledge/public/index.php/index/index/index
[运行时间：0.013313s] [吞吐率：75.11req/s] [内存消耗：1,599.19kb] [文件加载：41]
[ info ] [ LANG ] /Library/WebServer/Documents/medicine_kownledge/thinkphp/lang/zh-cn.php
[ info ] [ ROUTE ] array (
  'type' => 'module',
  'module' => 
  array (
    0 => 'index',
    1 => 'index',
    2 => 'index',
  ),
)
[ info ] [ HEADER ] array (
  'host' => 'localhost',
  'connection' => 'keep-alive',
  'cache-control' => 'max-age=0',
  'upgrade-insecure-requests' => '1',
  'user-agent' => 'Mozilla/5.0 (Macintosh; Intel Mac OS X 10_14_2) AppleWebKit/537.36 (KHTML, like Gecko) Chrome/73.0.3683.86 Safari/537.36',
  'accept' => 'text/html,application/xhtml+xml,application/xml;q=0.9,image/webp,image/apng,*/*;q=0.8,application/signed-exchange;v=b3',
  'accept-encoding' => 'gzip, deflate, br',
  'accept-language' => 'zh-CN,zh;q=0.9',
)
[ info ] [ PARAM ] array (
)
[ info ] [ RUN ] app\index\controller\Index->index[ /Library/WebServer/Documents/medicine_kownledge/application/index/controller/Index.php ]
[ info ] [ VIEW ] /Library/WebServer/Documents/medicine_kownledge/public/../application/index/view/Index/index.html [ array (
) ]
[ info ] [ LOG ] INIT File
---------------------------------------------------------------
[ 2019-04-02T23:59:42+08:00 ] 0.0.0.0 GET localhost/medicine_kownledge/public/index.php/index/index/index
[运行时间：0.013924s] [吞吐率：71.82req/s] [内存消耗：1,599.19kb] [文件加载：41]
[ info ] [ LANG ] /Library/WebServer/Documents/medicine_kownledge/thinkphp/lang/zh-cn.php
[ info ] [ ROUTE ] array (
  'type' => 'module',
  'module' => 
  array (
    0 => 'index',
    1 => 'index',
    2 => 'index',
  ),
)
[ info ] [ HEADER ] array (
  'host' => 'localhost',
  'connection' => 'keep-alive',
  'cache-control' => 'max-age=0',
  'upgrade-insecure-requests' => '1',
  'user-agent' => 'Mozilla/5.0 (Macintosh; Intel Mac OS X 10_14_2) AppleWebKit/537.36 (KHTML, like Gecko) Chrome/73.0.3683.86 Safari/537.36',
  'accept' => 'text/html,application/xhtml+xml,application/xml;q=0.9,image/webp,image/apng,*/*;q=0.8,application/signed-exchange;v=b3',
  'accept-encoding' => 'gzip, deflate, br',
  'accept-language' => 'zh-CN,zh;q=0.9',
)
[ info ] [ PARAM ] array (
)
[ info ] [ RUN ] app\index\controller\Index->index[ /Library/WebServer/Documents/medicine_kownledge/application/index/controller/Index.php ]
[ info ] [ VIEW ] /Library/WebServer/Documents/medicine_kownledge/public/../application/index/view/Index/index.html [ array (
) ]
[ info ] [ LOG ] INIT File
---------------------------------------------------------------
[ 2019-04-02T23:59:42+08:00 ] 0.0.0.0 GET localhost/medicine_kownledge/public/index.php/index/index/index
[运行时间：0.018857s] [吞吐率：53.03req/s] [内存消耗：1,599.19kb] [文件加载：41]
[ info ] [ LANG ] /Library/WebServer/Documents/medicine_kownledge/thinkphp/lang/zh-cn.php
[ info ] [ ROUTE ] array (
  'type' => 'module',
  'module' => 
  array (
    0 => 'index',
    1 => 'index',
    2 => 'index',
  ),
)
[ info ] [ HEADER ] array (
  'host' => 'localhost',
  'connection' => 'keep-alive',
  'cache-control' => 'max-age=0',
  'upgrade-insecure-requests' => '1',
  'user-agent' => 'Mozilla/5.0 (Macintosh; Intel Mac OS X 10_14_2) AppleWebKit/537.36 (KHTML, like Gecko) Chrome/73.0.3683.86 Safari/537.36',
  'accept' => 'text/html,application/xhtml+xml,application/xml;q=0.9,image/webp,image/apng,*/*;q=0.8,application/signed-exchange;v=b3',
  'accept-encoding' => 'gzip, deflate, br',
  'accept-language' => 'zh-CN,zh;q=0.9',
)
[ info ] [ PARAM ] array (
)
[ info ] [ RUN ] app\index\controller\Index->index[ /Library/WebServer/Documents/medicine_kownledge/application/index/controller/Index.php ]
[ info ] [ VIEW ] /Library/WebServer/Documents/medicine_kownledge/public/../application/index/view/Index/index.html [ array (
) ]
[ info ] [ LOG ] INIT File
---------------------------------------------------------------
[ 2019-04-02T23:59:51+08:00 ] 0.0.0.0 GET localhost/medicine_kownledge/public/index.php/index/index/index
[运行时间：0.014030s] [吞吐率：71.28req/s] [内存消耗：1,599.19kb] [文件加载：41]
[ info ] [ LANG ] /Library/WebServer/Documents/medicine_kownledge/thinkphp/lang/zh-cn.php
[ info ] [ ROUTE ] array (
  'type' => 'module',
  'module' => 
  array (
    0 => 'index',
    1 => 'index',
    2 => 'index',
  ),
)
[ info ] [ HEADER ] array (
  'host' => 'localhost',
  'connection' => 'keep-alive',
  'cache-control' => 'max-age=0',
  'upgrade-insecure-requests' => '1',
  'user-agent' => 'Mozilla/5.0 (Macintosh; Intel Mac OS X 10_14_2) AppleWebKit/537.36 (KHTML, like Gecko) Chrome/73.0.3683.86 Safari/537.36',
  'accept' => 'text/html,application/xhtml+xml,application/xml;q=0.9,image/webp,image/apng,*/*;q=0.8,application/signed-exchange;v=b3',
  'accept-encoding' => 'gzip, deflate, br',
  'accept-language' => 'zh-CN,zh;q=0.9',
)
[ info ] [ PARAM ] array (
)
[ info ] [ RUN ] app\index\controller\Index->index[ /Library/WebServer/Documents/medicine_kownledge/application/index/controller/Index.php ]
[ info ] [ VIEW ] /Library/WebServer/Documents/medicine_kownledge/public/../application/index/view/Index/index.html [ array (
) ]
[ info ] [ LOG ] INIT File
